<?xml version="1.0" encoding="UTF-8"?>
<!-- Generated by org.testng.reporters.JUnitXMLReporter -->
<testsuite ignored="0" hostname="WILASSETA0213" failures="0" tests="3" name="Swagger Regression Test" time="4.851" errors="0" timestamp="2025-05-16T19:01:00 IST">
  <testcase classname="swagger.Tests.BooksTest" name="schemaValidationOfResponseFiltering" time="2.749"/>
  <testcase classname="swagger.Tests.BooksTest" name="verifyBooksResponsseIsNotNull" time="0.716"/>
  <testcase classname="swagger.Tests.BooksTest" name="verifyResponseByFiltering" time="1.349"/>
</testsuite> <!-- Swagger Regression Test -->
