<?xml version="1.0" encoding="UTF-8"?>
<!-- Generated by org.testng.reporters.JUnitXMLReporter -->
<testsuite ignored="0" hostname="WILASSETA0213" failures="0" tests="3" name="Swagger Regression Test" time="4.309" errors="0" timestamp="2025-05-16T17:33:08 IST">
  <testcase classname="swagger.Tests.BooksTest" name="schemaValidationOfResponseFiltering" time="2.498"/>
  <testcase classname="swagger.Tests.BooksTest" name="verifyBooksResponsseIsNotNull" time="0.66"/>
  <testcase classname="swagger.Tests.BooksTest" name="verifyResponseByFiltering" time="1.116"/>
</testsuite> <!-- Swagger Regression Test -->
